[compute-a8-38.zaratan.umd.edu:1128957] PMIX ERROR: ERROR in file gds_ds12_lock_pthread.c at line 165
[compute-a8-38.zaratan.umd.edu:1128957] PMIX ERROR: NOT-FOUND in file gds_ds12_lock_pthread.c at line 199
[compute-a8-38.zaratan.umd.edu:1128957] OPAL ERROR: Unreachable in file pmix2x_client.c at line 112
--------------------------------------------------------------------------
The application appears to have been direct launched using "srun",
but OMPI was not built with SLURM's PMI support and therefore cannot
execute. There are several options for building PMI support under
SLURM, depending upon the SLURM version you are using:

  version 16.05 or later: you can use SLURM's PMIx support. This
  requires that you configure and build SLURM --with-pmix.

  Versions earlier than 16.05: you must use either SLURM's PMI-1 or
  PMI-2 support. SLURM builds PMI-1 by default, or you can manually
  install PMI-2. You must then build Open MPI using --with-pmi pointing
  to the SLURM PMI library location.

Please configure as appropriate and try again.
--------------------------------------------------------------------------
*** An error occurred in MPI_Init_thread
*** on a NULL communicator
*** MPI_ERRORS_ARE_FATAL (processes in this communicator will now abort,
***    and potentially your MPI job)
[compute-a8-38.zaratan.umd.edu:1128957] Local abort before MPI_INIT completed completed successfully, but am not able to aggregate error messages, and not able to guarantee that all other processes were killed!
--------------------------------------------------------------------------
The library attempted to open the following supporting CUDA libraries,
but each of them failed.  CUDA-aware support is disabled.
libcuda.so.1: cannot open shared object file: No such file or directory
libcuda.dylib: cannot open shared object file: No such file or directory
/usr/lib64/libcuda.so.1: cannot open shared object file: No such file or directory
/usr/lib64/libcuda.dylib: cannot open shared object file: No such file or directory
If you are not interested in CUDA-aware support, then run with
--mca mpi_cuda_support 0 to suppress this message.  If you are interested
in CUDA-aware support, then try setting LD_LIBRARY_PATH to the location
of libcuda.so.1 to get passed this issue.
--------------------------------------------------------------------------
                      :-) GROMACS - gmx mdrun, 2019.4 (-:

                            GROMACS is written by:
     Emile Apol      Rossen Apostolov      Paul Bauer     Herman J.C. Berendsen
    Par Bjelkmar      Christian Blau   Viacheslav Bolnykh     Kevin Boyd    
 Aldert van Buuren   Rudi van Drunen     Anton Feenstra       Alan Gray     
  Gerrit Groenhof     Anca Hamuraru    Vincent Hindriksen  M. Eric Irrgang  
  Aleksei Iupinov   Christoph Junghans     Joe Jordan     Dimitrios Karkoulis
    Peter Kasson        Jiri Kraus      Carsten Kutzner      Per Larsson    
  Justin A. Lemkul    Viveca Lindahl    Magnus Lundborg     Erik Marklund   
    Pascal Merz     Pieter Meulenhoff    Teemu Murtola       Szilard Pall   
    Sander Pronk      Roland Schulz      Michael Shirts    Alexey Shvetsov  
   Alfons Sijbers     Peter Tieleman      Jon Vincent      Teemu Virolainen 
 Christian Wennberg    Maarten Wolf   
                           and the project leaders:
        Mark Abraham, Berk Hess, Erik Lindahl, and David van der Spoel

Copyright (c) 1991-2000, University of Groningen, The Netherlands.
Copyright (c) 2001-2018, The GROMACS development team at
Uppsala University, Stockholm University and
the Royal Institute of Technology, Sweden.
check out http://www.gromacs.org for more information.

GROMACS is free software; you can redistribute it and/or modify it
under the terms of the GNU Lesser General Public License
as published by the Free Software Foundation; either version 2.1
of the License, or (at your option) any later version.

GROMACS:      gmx mdrun, version 2019.4
Executable:   /cvmfs/hpcsw.umd.edu/spack-software/2022.06.15/linux-rhel8-zen/gcc-8.4.0/gromacs-2019.4-wrpyksp5lujyzvz3lnrmhcn4olx6urxw/bin/gmx_mpi
Data prefix:  /cvmfs/hpcsw.umd.edu/spack-software/2022.06.15/linux-rhel8-zen/gcc-8.4.0/gromacs-2019.4-wrpyksp5lujyzvz3lnrmhcn4olx6urxw
Working dir:  /scratch/zt1/project/tiwary-prj/user/sueminl/2022-10-14/FKBP/colab_DMSO/initial_trial/initial_trial_1
Command line:
  gmx_mpi mdrun -v -deffnm md --plumed plumed_initial.dat -cpi md.cpt -ntomp 1

No previous checkpoint file present with -cpi option, assuming this is a new run.
Highest SIMD level requested by all nodes in run: AVX2_256
SIMD instructions selected at compile time:       AVX2_128
Compiled SIMD newer than requested; program might crash.
Reading file md.tpr, VERSION 2019.4 (single precision)
Changing nstlist from 20 to 80, rlist from 1.224 to 1.322

Using 80 MPI processes
Using 1 OpenMP thread per MPI process


Non-default thread affinity set probably by the OpenMP library,
disabling internal thread affinity
starting mdrun 'Title'
2000000 steps,   4000.0 ps.
step 0
step 100, will finish Fri Dec  8 16:25:49 2023
step 200, will finish Fri Dec  8 15:55:40 2023
step 300, will finish Fri Dec  8 15:45:44 2023
vol 0.97  imb F  6% pme/F 0.82 step 400, will finish Fri Dec  8 15:40:53 2023
step 500, will finish Fri Dec  8 15:37:47 2023
[compute-a8-38.zaratan.umd.edu:1128960] 79 more processes have sent help message help-mpi-common-cuda.txt / dlopen failed
[compute-a8-38.zaratan.umd.edu:1128960] Set MCA parameter "orte_base_help_aggregate" to 0 to see all help / error messages
step 600, will finish Fri Dec  8 15:35:42 2023
step 700, will finish Fri Dec  8 15:34:11 2023
vol 0.91  imb F  1% pme/F 0.84 step 800, will finish Fri Dec  8 15:33:12 2023
step 900, will finish Fri Dec  8 15:32:25 2023
step 1000, will finish Fri Dec  8 15:32:14 2023
step 1100, will finish Fri Dec  8 15:32:07 2023
vol 0.89  imb F  2% pme/F 0.75 step 1200, will finish Fri Dec  8 15:31:50 2023
step 1300, will finish Fri Dec  8 15:31:28 2023
step 1400, will finish Fri Dec  8 15:31:07 2023
step 1500, will finish Fri Dec  8 15:30:48 2023
vol 0.88  imb F  1% pme/F 0.77 step 1600, will finish Fri Dec  8 15:30:36 2023
step 1700, will finish Fri Dec  8 15:30:24 2023
step 1800, will finish Fri Dec  8 15:30:13 2023
step 1900, will finish Fri Dec  8 15:30:05 2023
vol 0.88  imb F  0% pme/F 0.74 step 2000, will finish Fri Dec  8 15:30:00 2023
step 2100, will finish Fri Dec  8 15:29:53 2023
step 2200, will finish Fri Dec  8 15:29:47 2023
step 2300, will finish Fri Dec  8 15:29:41 2023
vol 0.87  imb F  2% pme/F 0.69 step 2400, will finish Fri Dec  8 15:29:55 2023
step 2500, will finish Fri Dec  8 15:29:55 2023
step 2600, will finish Fri Dec  8 15:29:54 2023
step 2700, will finish Fri Dec  8 15:29:49 2023
vol 0.86  imb F  0% pme/F 0.74 step 2800, will finish Fri Dec  8 15:29:46 2023
step 2900, will finish Fri Dec  8 15:29:41 2023
step 3000, will finish Fri Dec  8 15:29:35 2023
step 3100, will finish Fri Dec  8 15:29:28 2023
vol 0.84  imb F  3% pme/F 0.77 step 3200, will finish Fri Dec  8 15:29:26 2023
step 3300, will finish Fri Dec  8 15:29:20 2023
step 3400, will finish Fri Dec  8 15:29:14 2023
step 3500, will finish Fri Dec  8 15:29:08 2023
imb F  4% pme/F 0.78 step 3600, will finish Fri Dec  8 15:29:04 2023
step 3700, will finish Fri Dec  8 15:28:59 2023
step 3800, will finish Fri Dec  8 15:28:54 2023
step 3900, will finish Fri Dec  8 15:28:49 2023
imb F  5% pme/F 0.85 step 4000, will finish Fri Dec  8 15:28:46 2023
step 4100, will finish Fri Dec  8 15:28:44 2023
step 4200, will finish Fri Dec  8 15:28:50 2023
step 4300, will finish Fri Dec  8 15:28:48 2023
imb F  5% pme/F 0.77 step 4400, will finish Fri Dec  8 15:28:47 2023
step 4500, will finish Fri Dec  8 15:28:44 2023
step 4600, will finish Fri Dec  8 15:28:40 2023
step 4700, will finish Fri Dec  8 15:28:37 2023
imb F  5% pme/F 0.80 step 4800, will finish Fri Dec  8 15:28:33 2023
step 4900, will finish Fri Dec  8 15:28:30 2023
step 5000, will finish Fri Dec  8 15:28:26 2023
step 5100, will finish Fri Dec  8 15:28:23 2023
imb F  5% pme/F 0.80 step 5200, will finish Fri Dec  8 15:28:21 2023
step 5300, will finish Fri Dec  8 15:28:17 2023
step 5400, will finish Fri Dec  8 15:28:14 2023
step 5500, will finish Fri Dec  8 15:28:11 2023
imb F  9% pme/F 0.77 step 5600, will finish Fri Dec  8 15:28:10 2023
step 5700, will finish Fri Dec  8 15:28:07 2023
step 5800, will finish Fri Dec  8 15:28:05 2023
step 5900, will finish Fri Dec  8 15:28:02 2023
imb F  6% pme/F 0.80 step 6000, will finish Fri Dec  8 15:28:00 2023
step 6100, will finish Fri Dec  8 15:27:57 2023
step 6200, will finish Fri Dec  8 15:27:54 2023
step 6300, will finish Fri Dec  8 15:27:52 2023
imb F  8% pme/F 0.81 step 6400, will finish Fri Dec  8 15:27:52 2023
step 6500, will finish Fri Dec  8 15:27:53 2023
step 6600, will finish Fri Dec  8 15:27:56 2023
step 6700, will finish Fri Dec  8 15:27:56 2023
imb F  5% pme/F 0.82 step 6800, will finish Fri Dec  8 15:27:55 2023
step 6900, will finish Fri Dec  8 15:27:55 2023
step 7000, will finish Fri Dec  8 15:27:53 2023
step 7100, will finish Fri Dec  8 15:27:51 2023
imb F  4% pme/F 0.79 step 7200, will finish Fri Dec  8 15:27:50 2023
step 7300, will finish Fri Dec  8 15:27:48 2023
step 7400, will finish Fri Dec  8 15:27:46 2023
step 7500, will finish Fri Dec  8 15:27:45 2023
imb F  6% pme/F 0.79 step 7600, will finish Fri Dec  8 15:27:44 2023
step 7700, will finish Fri Dec  8 15:27:42 2023
step 7800, will finish Fri Dec  8 15:27:40 2023
step 7900, will finish Fri Dec  8 15:27:38 2023
imb F  7% pme/F 0.80 step 8000, will finish Fri Dec  8 15:27:37 2023
step 8100, will finish Fri Dec  8 15:27:35 2023
step 8200, will finish Fri Dec  8 15:27:34 2023
step 8300, will finish Fri Dec  8 15:27:32 2023
imb F  8% pme/F 0.79 step 8400, will finish Fri Dec  8 15:27:32 2023
step 8500, will finish Fri Dec  8 15:27:30 2023
step 8600, will finish Fri Dec  8 15:27:29 2023
step 8700, will finish Fri Dec  8 15:27:28 2023
imb F  7% pme/F 0.79 step 8800, will finish Fri Dec  8 15:27:27 2023
step 8900, will finish Fri Dec  8 15:27:26 2023
step 9000, will finish Fri Dec  8 15:27:25 2023
step 9100, will finish Fri Dec  8 15:27:24 2023
imb F  5% pme/F 0.80 step 9200, will finish Fri Dec  8 15:27:23 2023
step 9300, will finish Fri Dec  8 15:27:22 2023
step 9400, will finish Fri Dec  8 15:27:21 2023
step 9500, will finish Fri Dec  8 15:27:20 2023
imb F  4% pme/F 0.73 step 9600, will finish Fri Dec  8 15:27:22 2023
step 9700, will finish Fri Dec  8 15:27:24 2023
step 9800, will finish Fri Dec  8 15:27:24 2023
step 9900, will finish Fri Dec  8 15:27:23 2023
imb F  6% pme/F 0.80 step 10000, will finish Fri Dec  8 15:27:26 2023
step 10100, will finish Fri Dec  8 15:27:25 2023
step 10200, will finish Fri Dec  8 15:27:24 2023
step 10300, will finish Fri Dec  8 15:27:23 2023
imb F  7% pme/F 0.79 step 10400, will finish Fri Dec  8 15:27:22 2023
step 10500, will finish Fri Dec  8 15:27:21 2023
step 10600, will finish Fri Dec  8 15:27:20 2023
step 10700, will finish Fri Dec  8 15:27:19 2023
imb F  6% pme/F 0.81 step 10800, will finish Fri Dec  8 15:27:18 2023
step 10900, will finish Fri Dec  8 15:27:17 2023
step 11000, will finish Fri Dec  8 15:27:16 2023
step 11100, will finish Fri Dec  8 15:27:14 2023
imb F  7% pme/F 0.82 step 11200, will finish Fri Dec  8 15:27:14 2023
step 11300, will finish Fri Dec  8 15:27:13 2023
step 11400, will finish Fri Dec  8 15:27:12 2023
step 11500, will finish Fri Dec  8 15:27:11 2023
imb F  6% pme/F 0.81 step 11600, will finish Fri Dec  8 15:27:10 2023
step 11700, will finish Fri Dec  8 15:27:09 2023
step 11800, will finish Fri Dec  8 15:27:08 2023
step 11900, will finish Fri Dec  8 15:27:08 2023
imb F  6% pme/F 0.80 step 12000, will finish Fri Dec  8 15:27:07 2023
step 12100, will finish Fri Dec  8 15:27:06 2023
step 12200, will finish Fri Dec  8 15:27:05 2023
step 12300, will finish Fri Dec  8 15:27:04 2023
imb F  5% pme/F 0.81 step 12400, will finish Fri Dec  8 15:27:04 2023
step 12500, will finish Fri Dec  8 15:27:03 2023
step 12600, will finish Fri Dec  8 15:27:03 2023
step 12700, will finish Fri Dec  8 15:27:02 2023
imb F  5% pme/F 0.80 step 12800, will finish Fri Dec  8 15:27:02 2023
step 12900, will finish Fri Dec  8 15:27:01 2023
step 13000, will finish Fri Dec  8 15:27:00 2023
step 13100, will finish Fri Dec  8 15:26:59 2023
imb F  5% pme/F 0.81 step 13200, will finish Fri Dec  8 15:26:59 2023
step 13300, will finish Fri Dec  8 15:26:58 2023
step 13400, will finish Fri Dec  8 15:26:57 2023
step 13500, will finish Fri Dec  8 15:26:57 2023
imb F  6% pme/F 0.82 step 13600, will finish Fri Dec  8 15:26:57 2023
step 13700, will finish Fri Dec  8 15:26:59 2023
step 13800, will finish Fri Dec  8 15:27:00 2023
step 13900, will finish Fri Dec  8 15:27:00 2023
imb F  4% pme/F 0.79 step 14000, will finish Fri Dec  8 15:27:00 2023
step 14100, will finish Fri Dec  8 15:26:59 2023
step 14200, will finish Fri Dec  8 15:26:59 2023
step 14300, will finish Fri Dec  8 15:26:58 2023
imb F  5% pme/F 0.80 step 14400, will finish Fri Dec  8 15:26:57 2023
step 14500, will finish Fri Dec  8 15:26:57 2023
step 14600, will finish Fri Dec  8 15:26:57 2023
step 14700, will finish Fri Dec  8 15:26:56 2023
imb F  4% pme/F 0.79 step 14800, will finish Fri Dec  8 15:26:56 2023
step 14900, will finish Fri Dec  8 15:26:55 2023
step 15000, will finish Fri Dec  8 15:26:55 2023
step 15100, will finish Fri Dec  8 15:26:54 2023
imb F  6% pme/F 0.79 step 15200, will finish Fri Dec  8 15:26:55 2023
step 15300, will finish Fri Dec  8 15:26:54 2023
step 15400, will finish Fri Dec  8 15:26:54 2023
step 15500, will finish Fri Dec  8 15:26:53 2023
imb F  7% pme/F 0.79 step 15600, will finish Fri Dec  8 15:26:53 2023
step 15700, will finish Fri Dec  8 15:26:52 2023
step 15800, will finish Fri Dec  8 15:26:52 2023
step 15900, will finish Fri Dec  8 15:26:51 2023
imb F  5% pme/F 0.81 step 16000, will finish Fri Dec  8 15:26:51 2023
step 16100, will finish Fri Dec  8 15:26:50 2023
step 16200, will finish Fri Dec  8 15:26:50 2023
step 16300, will finish Fri Dec  8 15:26:49 2023
vol 0.94  imb F  4% pme/F 0.79 step 16400, will finish Fri Dec  8 15:26:49 2023
step 16500, will finish Fri Dec  8 15:26:49 2023
step 16600, will finish Fri Dec  8 15:26:49 2023
step 16700, will finish Fri Dec  8 15:26:48 2023
vol 0.93  imb F  1% pme/F 0.79 step 16800, will finish Fri Dec  8 15:26:48 2023
step 16900, will finish Fri Dec  8 15:26:48 2023
step 17000, will finish Fri Dec  8 15:26:48 2023
step 17100, will finish Fri Dec  8 15:26:48 2023
vol 0.92  imb F  0% pme/F 0.76 step 17200, will finish Fri Dec  8 15:26:48 2023
step 17300, will finish Fri Dec  8 15:26:48 2023
step 17400, will finish Fri Dec  8 15:26:47 2023
step 17500, will finish Fri Dec  8 15:26:47 2023
vol 0.93  imb F  1% pme/F 0.78 step 17600, will finish Fri Dec  8 15:26:47 2023
step 17700, will finish Fri Dec  8 15:26:47 2023
step 17800, will finish Fri Dec  8 15:26:47 2023
step 17900, will finish Fri Dec  8 15:26:46 2023
imb F  6% pme/F 0.80 step 18000, will finish Fri Dec  8 15:26:46 2023
step 18100, will finish Fri Dec  8 15:26:46 2023
step 18200, will finish Fri Dec  8 15:26:46 2023
step 18300, will finish Fri Dec  8 15:26:45 2023
imb F  7% pme/F 0.79 step 18400, will finish Fri Dec  8 15:26:45 2023
step 18500, will finish Fri Dec  8 15:26:45 2023
step 18600, will finish Fri Dec  8 15:26:44 2023
step 18700, will finish Fri Dec  8 15:26:44 2023
imb F  6% pme/F 0.81 step 18800, will finish Fri Dec  8 15:26:44 2023
step 18900, will finish Fri Dec  8 15:26:45 2023
step 19000, will finish Fri Dec  8 15:26:46 2023
step 19100, will finish Fri Dec  8 15:26:47 2023
imb F  7% pme/F 0.78 step 19200, will finish Fri Dec  8 15:26:47 2023
step 19300, will finish Fri Dec  8 15:26:46 2023
step 19400, will finish Fri Dec  8 15:26:46 2023
step 19500, will finish Fri Dec  8 15:26:46 2023
imb F  6% pme/F 0.80 step 19600, will finish Fri Dec  8 15:26:46 2023
step 19700, will finish Fri Dec  8 15:26:45 2023
step 19800, will finish Fri Dec  8 15:26:45 2023
step 19900, will finish Fri Dec  8 15:26:44 2023
imb F  8% pme/F 0.78 step 20000, will finish Fri Dec  8 15:26:46 2023
step 20100, will finish Fri Dec  8 15:26:46 2023
step 20200, will finish Fri Dec  8 15:26:46 2023
step 20300, will finish Fri Dec  8 15:26:46 2023
imb F  6% pme/F 0.78 step 20400, will finish Fri Dec  8 15:26:45 2023
step 20500, will finish Fri Dec  8 15:26:45 2023
step 20600, will finish Fri Dec  8 15:26:45 2023
step 20700, will finish Fri Dec  8 15:26:45 2023
imb F  7% pme/F 0.78 step 20800, will finish Fri Dec  8 15:26:45 2023
step 20900, will finish Fri Dec  8 15:26:45 2023
step 21000, will finish Fri Dec  8 15:26:44 2023
step 21100, will finish Fri Dec  8 15:26:44 2023
imb F  6% pme/F 0.78 step 21200, will finish Fri Dec  8 15:26:44 2023
step 21300, will finish Fri Dec  8 15:26:44 2023
step 21400, will finish Fri Dec  8 15:26:44 2023
step 21500, will finish Fri Dec  8 15:26:43 2023
imb F  7% pme/F 0.79 step 21600, will finish Fri Dec  8 15:26:43 2023
step 21700, will finish Fri Dec  8 15:26:43 2023
step 21800, will finish Fri Dec  8 15:26:43 2023
step 21900, will finish Fri Dec  8 15:26:43 2023
imb F  8% pme/F 0.78 step 22000, will finish Fri Dec  8 15:26:43 2023
step 22100, will finish Fri Dec  8 15:26:42 2023
step 22200, will finish Fri Dec  8 15:26:42 2023
step 22300, will finish Fri Dec  8 15:26:42 2023
imb F  7% pme/F 0.79 step 22400, will finish Fri Dec  8 15:26:42 2023
step 22500, will finish Fri Dec  8 15:26:42 2023
step 22600, will finish Fri Dec  8 15:26:41 2023
step 22700, will finish Fri Dec  8 15:26:41 2023
imb F  7% pme/F 0.78 step 22800, will finish Fri Dec  8 15:26:41 2023
step 22900, will finish Fri Dec  8 15:26:41 2023
step 23000, will finish Fri Dec  8 15:26:40 2023
step 23100, will finish Fri Dec  8 15:26:40 2023
imb F  5% pme/F 0.80 step 23200, will finish Fri Dec  8 15:26:40 2023
step 23300, will finish Fri Dec  8 15:26:39 2023
step 23400, will finish Fri Dec  8 15:26:39 2023
step 23500, will finish Fri Dec  8 15:26:39 2023
imb F  5% pme/F 0.79 step 23600, will finish Fri Dec  8 15:26:39 2023
step 23700, will finish Fri Dec  8 15:26:39 2023
step 23800, will finish Fri Dec  8 15:26:39 2023
step 23900, will finish Fri Dec  8 15:26:38 2023
imb F  7% pme/F 0.79 step 24000, will finish Fri Dec  8 15:26:38 2023
step 24100, will finish Fri Dec  8 15:26:38 2023
step 24200, will finish Fri Dec  8 15:26:38 2023
step 24300, will finish Fri Dec  8 15:26:38 2023
imb F  9% pme/F 0.77 step 24400, will finish Fri Dec  8 15:26:38 2023
step 24500, will finish Fri Dec  8 15:26:38 2023
step 24600, will finish Fri Dec  8 15:26:38 2023
step 24700, will finish Fri Dec  8 15:26:38 2023
imb F  4% pme/F 0.79 step 24800, will finish Fri Dec  8 15:26:37 2023
step 24900, will finish Fri Dec  8 15:26:37 2023
step 25000, will finish Fri Dec  8 15:26:37 2023
step 25100, will finish Fri Dec  8 15:26:37 2023
imb F  6% pme/F 0.80 step 25200, will finish Fri Dec  8 15:26:36 2023
step 25300, will finish Fri Dec  8 15:26:36 2023
step 25400, will finish Fri Dec  8 15:26:36 2023
step 25500, will finish Fri Dec  8 15:26:36 2023
imb F  4% pme/F 0.81 step 25600, will finish Fri Dec  8 15:26:36 2023
step 25700, will finish Fri Dec  8 15:26:37 2023
step 25800, will finish Fri Dec  8 15:26:38 2023
step 25900, will finish Fri Dec  8 15:26:38 2023
imb F  5% pme/F 0.79 step 26000, will finish Fri Dec  8 15:26:38 2023
step 26100, will finish Fri Dec  8 15:26:38 2023
step 26200, will finish Fri Dec  8 15:26:38 2023
step 26300, will finish Fri Dec  8 15:26:37 2023
imb F  6% pme/F 0.79 step 26400, will finish Fri Dec  8 15:26:37 2023
step 26500, will finish Fri Dec  8 15:26:37 2023
step 26600, will finish Fri Dec  8 15:26:37 2023
step 26700, will finish Fri Dec  8 15:26:37 2023
imb F  6% pme/F 0.81 step 26800, will finish Fri Dec  8 15:26:37 2023
step 26900, will finish Fri Dec  8 15:26:36 2023
step 27000, will finish Fri Dec  8 15:26:36 2023
step 27100, will finish Fri Dec  8 15:26:36 2023
imb F  7% pme/F 0.80 step 27200, will finish Fri Dec  8 15:26:36 2023
step 27300, will finish Fri Dec  8 15:26:36 2023
step 27400, will finish Fri Dec  8 15:26:35 2023
step 27500, will finish Fri Dec  8 15:26:35 2023
imb F  5% pme/F 0.79 step 27600, will finish Fri Dec  8 15:26:35 2023
step 27700, will finish Fri Dec  8 15:26:35 2023
step 27800, will finish Fri Dec  8 15:26:35 2023
step 27900, will finish Fri Dec  8 15:26:35 2023
imb F  6% pme/F 0.79 step 28000, will finish Fri Dec  8 15:26:35 2023
step 28100, will finish Fri Dec  8 15:26:34 2023
step 28200, will finish Fri Dec  8 15:26:34 2023
step 28300, will finish Fri Dec  8 15:26:34 2023
imb F  7% pme/F 0.80 step 28400, will finish Fri Dec  8 15:26:34 2023
step 28500, will finish Fri Dec  8 15:26:34 2023
step 28600, will finish Fri Dec  8 15:26:33 2023
step 28700, will finish Fri Dec  8 15:26:33 2023
imb F  6% pme/F 0.80 step 28800, will finish Fri Dec  8 15:26:33 2023
step 28900, will finish Fri Dec  8 15:26:33 2023
step 29000, will finish Fri Dec  8 15:26:32 2023
step 29100, will finish Fri Dec  8 15:26:32 2023
imb F  7% pme/F 0.80 step 29200, will finish Fri Dec  8 15:26:32 2023
step 29300, will finish Fri Dec  8 15:26:32 2023
step 29400, will finish Fri Dec  8 15:26:32 2023
step 29500, will finish Fri Dec  8 15:26:32 2023
imb F  6% pme/F 0.80 step 29600, will finish Fri Dec  8 15:26:32 2023
step 29700, will finish Fri Dec  8 15:26:32 2023
step 29800, will finish Fri Dec  8 15:26:31 2023
step 29900, will finish Fri Dec  8 15:26:31 2023
imb F  6% pme/F 0.79 step 30000, will finish Fri Dec  8 15:26:32 2023
step 30100, will finish Fri Dec  8 15:26:32 2023
step 30200, will finish Fri Dec  8 15:26:32 2023
step 30300, will finish Fri Dec  8 15:26:32 2023
imb F  4% pme/F 0.80 step 30400, will finish Fri Dec  8 15:26:32 2023
step 30500, will finish Fri Dec  8 15:26:32 2023
step 30600, will finish Fri Dec  8 15:26:31 2023
step 30700, will finish Fri Dec  8 15:26:31 2023
imb F  7% pme/F 0.78 step 30800, will finish Fri Dec  8 15:26:31 2023
step 30900, will finish Fri Dec  8 15:26:31 2023
step 31000, will finish Fri Dec  8 15:26:31 2023
step 31100, will finish Fri Dec  8 15:26:31 2023
imb F  6% pme/F 0.81 step 31200, will finish Fri Dec  8 15:26:31 2023
step 31300, will finish Fri Dec  8 15:26:31 2023
step 31400, will finish Fri Dec  8 15:26:31 2023
step 31500, will finish Fri Dec  8 15:26:30 2023
imb F  6% pme/F 0.80 step 31600, will finish Fri Dec  8 15:26:30 2023
step 31700, will finish Fri Dec  8 15:26:30 2023
step 31800, will finish Fri Dec  8 15:26:30 2023
step 31900, will finish Fri Dec  8 15:26:30 2023
imb F  7% pme/F 0.79 step 32000, will finish Fri Dec  8 15:26:30 2023
step 32100, will finish Fri Dec  8 15:26:30 2023
step 32200, will finish Fri Dec  8 15:26:30 2023
step 32300, will finish Fri Dec  8 15:26:29 2023
imb F  6% pme/F 0.81 step 32400, will finish Fri Dec  8 15:26:29 2023
step 32500, will finish Fri Dec  8 15:26:29 2023
step 32600, will finish Fri Dec  8 15:26:29 2023
step 32700, will finish Fri Dec  8 15:26:29 2023
imb F  7% pme/F 0.79 step 32800, will finish Fri Dec  8 15:26:29 2023
step 32900, will finish Fri Dec  8 15:26:29 2023
step 33000, will finish Fri Dec  8 15:26:28 2023
step 33100, will finish Fri Dec  8 15:26:28 2023
imb F  5% pme/F 0.80 step 33200, will finish Fri Dec  8 15:26:28 2023
step 33300, will finish Fri Dec  8 15:26:28 2023
step 33400, will finish Fri Dec  8 15:26:28 2023
step 33500, will finish Fri Dec  8 15:26:28 2023
imb F  7% pme/F 0.79 step 33600, will finish Fri Dec  8 15:26:27 2023
step 33700, will finish Fri Dec  8 15:26:27 2023
step 33800, will finish Fri Dec  8 15:26:27 2023
step 33900, will finish Fri Dec  8 15:26:27 2023
imb F  7% pme/F 0.78 step 34000, will finish Fri Dec  8 15:26:27 2023
step 34100, will finish Fri Dec  8 15:26:27 2023
step 34200, will finish Fri Dec  8 15:26:27 2023
step 34300, will finish Fri Dec  8 15:26:27 2023
imb F  9% pme/F 0.82 step 34400, will finish Fri Dec  8 15:26:27 2023
step 34500, will finish Fri Dec  8 15:26:27 2023
step 34600, will finish Fri Dec  8 15:26:27 2023
step 34700, will finish Fri Dec  8 15:26:28 2023
imb F  6% pme/F 0.76 step 34800, will finish Fri Dec  8 15:26:28 2023
step 34900, will finish Fri Dec  8 15:26:28 2023
step 35000, will finish Fri Dec  8 15:26:28 2023
step 35100, will finish Fri Dec  8 15:26:28 2023
imb F  6% pme/F 0.79 step 35200, will finish Fri Dec  8 15:26:28 2023
step 35300, will finish Fri Dec  8 15:26:28 2023
step 35400, will finish Fri Dec  8 15:26:28 2023
step 35500, will finish Fri Dec  8 15:26:28 2023
imb F  5% pme/F 0.80 step 35600, will finish Fri Dec  8 15:26:28 2023
step 35700, will finish Fri Dec  8 15:26:28 2023
step 35800, will finish Fri Dec  8 15:26:27 2023
step 35900, will finish Fri Dec  8 15:26:27 2023
imb F  5% pme/F 0.79 step 36000, will finish Fri Dec  8 15:26:27 2023
step 36100, will finish Fri Dec  8 15:26:27 2023
step 36200, will finish Fri Dec  8 15:26:27 2023
step 36300, will finish Fri Dec  8 15:26:27 2023
imb F  7% pme/F 0.80 step 36400, will finish Fri Dec  8 15:26:27 2023
step 36500, will finish Fri Dec  8 15:26:27 2023
step 36600, will finish Fri Dec  8 15:26:26 2023
step 36700, will finish Fri Dec  8 15:26:26 2023
imb F  6% pme/F 0.78 step 36800, will finish Fri Dec  8 15:26:26 2023
step 36900, will finish Fri Dec  8 15:26:26 2023
step 37000, will finish Fri Dec  8 15:26:26 2023
step 37100, will finish Fri Dec  8 15:26:26 2023
imb F  6% pme/F 0.80 step 37200, will finish Fri Dec  8 15:26:26 2023
step 37300, will finish Fri Dec  8 15:26:26 2023
step 37400, will finish Fri Dec  8 15:26:26 2023
step 37500, will finish Fri Dec  8 15:26:26 2023
imb F  7% pme/F 0.79 step 37600, will finish Fri Dec  8 15:26:26 2023
step 37700, will finish Fri Dec  8 15:26:25 2023
step 37800, will finish Fri Dec  8 15:26:25 2023
step 37900, will finish Fri Dec  8 15:26:25 2023
imb F  6% pme/F 0.80 step 38000, will finish Fri Dec  8 15:26:25 2023
step 38100, will finish Fri Dec  8 15:26:25 2023
step 38200, will finish Fri Dec  8 15:26:25 2023
step 38300, will finish Fri Dec  8 15:26:25 2023
imb F  6% pme/F 0.80 step 38400, will finish Fri Dec  8 15:26:25 2023
step 38500, will finish Fri Dec  8 15:26:25 2023
step 38600, will finish Fri Dec  8 15:26:25 2023
step 38700, will finish Fri Dec  8 15:26:24 2023
imb F  4% pme/F 0.79 step 38800, will finish Fri Dec  8 15:26:24 2023
step 38900, will finish Fri Dec  8 15:26:24 2023
step 39000, will finish Fri Dec  8 15:26:24 2023
step 39100, will finish Fri Dec  8 15:26:24 2023
imb F  4% pme/F 0.78 step 39200, will finish Fri Dec  8 15:26:24 2023
step 39300, will finish Fri Dec  8 15:26:24 2023
step 39400, will finish Fri Dec  8 15:26:24 2023
step 39500, will finish Fri Dec  8 15:26:24 2023
imb F  7% pme/F 0.79 step 39600, will finish Fri Dec  8 15:26:24 2023
step 39700, will finish Fri Dec  8 15:26:24 2023
step 39800, will finish Fri Dec  8 15:26:24 2023
step 39900, will finish Fri Dec  8 15:26:23 2023
imb F  5% pme/F 0.81 step 40000, will finish Fri Dec  8 15:26:24 2023
step 40100, will finish Fri Dec  8 15:26:24 2023
step 40200, will finish Fri Dec  8 15:26:24 2023
step 40300, will finish Fri Dec  8 15:26:24 2023
imb F  6% pme/F 0.80 step 40400, will finish Fri Dec  8 15:26:24 2023
step 40500, will finish Fri Dec  8 15:26:24 2023
step 40600, will finish Fri Dec  8 15:26:24 2023
step 40700, will finish Fri Dec  8 15:26:23 2023
imb F  5% pme/F 0.79 step 40800, will finish Fri Dec  8 15:26:23 2023
step 40900, will finish Fri Dec  8 15:26:23 2023
step 41000, will finish Fri Dec  8 15:26:23 2023
step 41100, will finish Fri Dec  8 15:26:23 2023
imb F  4% pme/F 0.81 step 41200, will finish Fri Dec  8 15:26:23 2023
step 41300, will finish Fri Dec  8 15:26:23 2023
step 41400, will finish Fri Dec  8 15:26:23 2023
step 41500, will finish Fri Dec  8 15:26:23 2023
imb F  7% pme/F 0.78 step 41600, will finish Fri Dec  8 15:26:23 2023
step 41700, will finish Fri Dec  8 15:26:23 2023
step 41800, will finish Fri Dec  8 15:26:23 2023
step 41900, will finish Fri Dec  8 15:26:23 2023
imb F  6% pme/F 0.79 step 42000, will finish Fri Dec  8 15:26:23 2023
step 42100, will finish Fri Dec  8 15:26:22 2023
step 42200, will finish Fri Dec  8 15:26:22 2023
step 42300, will finish Fri Dec  8 15:26:22 2023
imb F  6% pme/F 0.80 step 42400, will finish Fri Dec  8 15:26:22 2023
step 42500, will finish Fri Dec  8 15:26:22 2023
step 42600, will finish Fri Dec  8 15:26:22 2023
step 42700, will finish Fri Dec  8 15:26:22 2023
imb F  6% pme/F 0.81 step 42800, will finish Fri Dec  8 15:26:22 2023
step 42900, will finish Fri Dec  8 15:26:22 2023
step 43000, will finish Fri Dec  8 15:26:21 2023
step 43100, will finish Fri Dec  8 15:26:21 2023
imb F  6% pme/F 0.80 step 43200, will finish Fri Dec  8 15:26:21 2023
step 43300, will finish Fri Dec  8 15:26:21 2023
step 43400, will finish Fri Dec  8 15:26:21 2023
step 43500, will finish Fri Dec  8 15:26:21 2023
imb F  5% pme/F 0.80 step 43600, will finish Fri Dec  8 15:26:21 2023
step 43700, will finish Fri Dec  8 15:26:21 2023
step 43800, will finish Fri Dec  8 15:26:21 2023
step 43900, will finish Fri Dec  8 15:26:21 2023
imb F  6% pme/F 0.79 step 44000, will finish Fri Dec  8 15:26:21 2023
step 44100, will finish Fri Dec  8 15:26:20 2023
step 44200, will finish Fri Dec  8 15:26:20 2023
step 44300, will finish Fri Dec  8 15:26:20 2023
imb F  6% pme/F 0.80 step 44400, will finish Fri Dec  8 15:26:20 2023
step 44500, will finish Fri Dec  8 15:26:20 2023
step 44600, will finish Fri Dec  8 15:26:20 2023
step 44700, will finish Fri Dec  8 15:26:20 2023
imb F  6% pme/F 0.80 step 44800, will finish Fri Dec  8 15:26:20 2023
step 44900, will finish Fri Dec  8 15:26:20 2023
step 45000, will finish Fri Dec  8 15:26:20 2023
step 45100, will finish Fri Dec  8 15:26:19 2023
imb F  5% pme/F 0.81 step 45200, will finish Fri Dec  8 15:26:19 2023
step 45300, will finish Fri Dec  8 15:26:19 2023
step 45400, will finish Fri Dec  8 15:26:19 2023
step 45500, will finish Fri Dec  8 15:26:19 2023
imb F  5% pme/F 0.85 step 45600, will finish Fri Dec  8 15:26:19 2023
step 45700, will finish Fri Dec  8 15:26:19 2023
step 45800, will finish Fri Dec  8 15:26:19 2023
step 45900, will finish Fri Dec  8 15:26:19 2023
imb F  8% pme/F 0.83 step 46000, will finish Fri Dec  8 15:26:19 2023
step 46100, will finish Fri Dec  8 15:26:19 2023
step 46200, will finish Fri Dec  8 15:26:20 2023
step 46300, will finish Fri Dec  8 15:26:20 2023
imb F  8% pme/F 0.76 step 46400, will finish Fri Dec  8 15:26:20 2023
step 46500, will finish Fri Dec  8 15:26:20 2023
step 46600, will finish Fri Dec  8 15:26:20 2023
step 46700, will finish Fri Dec  8 15:26:20 2023
imb F  8% pme/F 0.79 step 46800, will finish Fri Dec  8 15:26:20 2023
step 46900, will finish Fri Dec  8 15:26:20 2023
step 47000, will finish Fri Dec  8 15:26:20 2023
step 47100, will finish Fri Dec  8 15:26:20 2023
imb F  7% pme/F 0.79 step 47200, will finish Fri Dec  8 15:26:20 2023
step 47300, will finish Fri Dec  8 15:26:20 2023
step 47400, will finish Fri Dec  8 15:26:20 2023
step 47500, will finish Fri Dec  8 15:26:20 2023
imb F  8% pme/F 0.80 step 47600, will finish Fri Dec  8 15:26:20 2023
step 47700, will finish Fri Dec  8 15:26:20 2023
step 47800, will finish Fri Dec  8 15:26:20 2023
step 47900, will finish Fri Dec  8 15:26:19 2023
imb F  6% pme/F 0.80 step 48000, will finish Fri Dec  8 15:26:19 2023
step 48100, will finish Fri Dec  8 15:26:19 2023
step 48200, will finish Fri Dec  8 15:26:19 2023
step 48300, will finish Fri Dec  8 15:26:19 2023
imb F  4% pme/F 0.76 step 48400, will finish Fri Dec  8 15:26:19 2023
step 48500, will finish Fri Dec  8 15:26:19 2023
step 48600, will finish Fri Dec  8 15:26:19 2023
step 48700, will finish Fri Dec  8 15:26:19 2023
imb F  5% pme/F 0.80 step 48800, will finish Fri Dec  8 15:26:19 2023
step 48900, will finish Fri Dec  8 15:26:19 2023
step 49000, will finish Fri Dec  8 15:26:19 2023
step 49100, will finish Fri Dec  8 15:26:19 2023
imb F  7% pme/F 0.80 step 49200, will finish Fri Dec  8 15:26:19 2023
step 49300, will finish Fri Dec  8 15:26:19 2023
step 49400, will finish Fri Dec  8 15:26:18 2023
step 49500, will finish Fri Dec  8 15:26:18 2023
imb F  5% pme/F 0.80 step 49600, will finish Fri Dec  8 15:26:18 2023
step 49700, will finish Fri Dec  8 15:26:18 2023
step 49800, will finish Fri Dec  8 15:26:18 2023
step 49900, will finish Fri Dec  8 15:26:18 2023
imb F  8% pme/F 0.79 step 50000, will finish Fri Dec  8 15:26:19 2023
step 50100, will finish Fri Dec  8 15:26:19 2023
step 50200, will finish Fri Dec  8 15:26:19 2023
step 50300, will finish Fri Dec  8 15:26:19 2023
imb F  8% pme/F 0.80 step 50400, will finish Fri Dec  8 15:26:19 2023
step 50500, will finish Fri Dec  8 15:26:18 2023
step 50600, will finish Fri Dec  8 15:26:18 2023
step 50700, will finish Fri Dec  8 15:26:18 2023
imb F  6% pme/F 0.81 step 50800, will finish Fri Dec  8 15:26:18 2023
step 50900, will finish Fri Dec  8 15:26:18 2023
step 51000, will finish Fri Dec  8 15:26:18 2023
step 51100, will finish Fri Dec  8 15:26:18 2023
imb F  8% pme/F 0.81 step 51200, will finish Fri Dec  8 15:26:18 2023
step 51300, will finish Fri Dec  8 15:26:18 2023
step 51400, will finish Fri Dec  8 15:26:19 2023
step 51500, will finish Fri Dec  8 15:26:19 2023
imb F  4% pme/F 0.81 step 51600, will finish Fri Dec  8 15:26:19 2023
step 51700, will finish Fri Dec  8 15:26:19 2023
step 51800, will finish Fri Dec  8 15:26:19 2023
step 51900, will finish Fri Dec  8 15:26:19 2023
imb F  5% pme/F 0.80 step 52000, will finish Fri Dec  8 15:26:19 2023
step 52100, will finish Fri Dec  8 15:26:19 2023
step 52200, will finish Fri Dec  8 15:26:19 2023
step 52300, will finish Fri Dec  8 15:26:19 2023
imb F  5% pme/F 0.82 step 52400, will finish Fri Dec  8 15:26:19 2023
step 52500, will finish Fri Dec  8 15:26:19 2023
step 52600, will finish Fri Dec  8 15:26:18 2023
step 52700, will finish Fri Dec  8 15:26:18 2023
imb F  8% pme/F 0.80 step 52800, will finish Fri Dec  8 15:26:18 2023
step 52900, will finish Fri Dec  8 15:26:18 2023
step 53000, will finish Fri Dec  8 15:26:18 2023
step 53100, will finish Fri Dec  8 15:26:18 2023
imb F  8% pme/F 0.80 step 53200, will finish Fri Dec  8 15:26:18 2023
step 53300, will finish Fri Dec  8 15:26:18 2023
step 53400, will finish Fri Dec  8 15:26:18 2023
step 53500, will finish Fri Dec  8 15:26:18 2023
imb F  6% pme/F 0.79 step 53600, will finish Fri Dec  8 15:26:18 2023
step 53700, will finish Fri Dec  8 15:26:18 2023
step 53800, will finish Fri Dec  8 15:26:18 2023
step 53900, will finish Fri Dec  8 15:26:18 2023
imb F  7% pme/F 0.80 step 54000, will finish Fri Dec  8 15:26:18 2023
step 54100, will finish Fri Dec  8 15:26:18 2023
step 54200, will finish Fri Dec  8 15:26:18 2023
step 54300, will finish Fri Dec  8 15:26:18 2023
imb F  5% pme/F 0.81 step 54400, will finish Fri Dec  8 15:26:18 2023
step 54500, will finish Fri Dec  8 15:26:18 2023
step 54600, will finish Fri Dec  8 15:26:18 2023
step 54700, will finish Fri Dec  8 15:26:18 2023
imb F  5% pme/F 0.81 step 54800, will finish Fri Dec  8 15:26:18 2023
step 54900, will finish Fri Dec  8 15:26:17 2023
step 55000, will finish Fri Dec  8 15:26:17 2023
step 55100, will finish Fri Dec  8 15:26:17 2023
imb F  6% pme/F 0.81 step 55200, will finish Fri Dec  8 15:26:17 2023
step 55300, will finish Fri Dec  8 15:26:17 2023
step 55400, will finish Fri Dec  8 15:26:17 2023
step 55500, will finish Fri Dec  8 15:26:17 2023
imb F  8% pme/F 0.79 step 55600, will finish Fri Dec  8 15:26:17 2023
step 55700, will finish Fri Dec  8 15:26:17 2023
step 55800, will finish Fri Dec  8 15:26:17 2023
step 55900, will finish Fri Dec  8 15:26:17 2023
imb F  6% pme/F 0.81 step 56000, will finish Fri Dec  8 15:26:17 2023
step 56100, will finish Fri Dec  8 15:26:17 2023
step 56200, will finish Fri Dec  8 15:26:17 2023
step 56300, will finish Fri Dec  8 15:26:17 2023
imb F  7% pme/F 0.80 step 56400, will finish Fri Dec  8 15:26:17 2023
step 56500, will finish Fri Dec  8 15:26:17 2023
step 56600, will finish Fri Dec  8 15:26:17 2023
step 56700, will finish Fri Dec  8 15:26:17 2023
imb F  6% pme/F 0.79 step 56800, will finish Fri Dec  8 15:26:17 2023
step 56900, will finish Fri Dec  8 15:26:17 2023
step 57000, will finish Fri Dec  8 15:26:17 2023
step 57100, will finish Fri Dec  8 15:26:17 2023
imb F  5% pme/F 0.79 step 57200, will finish Fri Dec  8 15:26:17 2023
step 57300, will finish Fri Dec  8 15:26:17 2023
step 57400, will finish Fri Dec  8 15:26:17 2023
step 57500, will finish Fri Dec  8 15:26:17 2023
imb F  4% pme/F 0.79 step 57600, will finish Fri Dec  8 15:26:17 2023
step 57700, will finish Fri Dec  8 15:26:17 2023
step 57800, will finish Fri Dec  8 15:26:17 2023
step 57900, will finish Fri Dec  8 15:26:16 2023
imb F  4% pme/F 0.80 step 58000, will finish Fri Dec  8 15:26:16 2023
step 58100, will finish Fri Dec  8 15:26:16 2023
step 58200, will finish Fri Dec  8 15:26:16 2023
step 58300, will finish Fri Dec  8 15:26:16 2023
imb F  5% pme/F 0.80 step 58400, will finish Fri Dec  8 15:26:16 2023
step 58500, will finish Fri Dec  8 15:26:16 2023
step 58600, will finish Fri Dec  8 15:26:16 2023
step 58700, will finish Fri Dec  8 15:26:16 2023
imb F  4% pme/F 0.80 step 58800, will finish Fri Dec  8 15:26:16 2023
step 58900, will finish Fri Dec  8 15:26:16 2023
step 59000, will finish Fri Dec  8 15:26:16 2023
step 59100, will finish Fri Dec  8 15:26:16 2023
imb F  4% pme/F 0.82 step 59200, will finish Fri Dec  8 15:26:16 2023
step 59300, will finish Fri Dec  8 15:26:16 2023
step 59400, will finish Fri Dec  8 15:26:16 2023
step 59500, will finish Fri Dec  8 15:26:16 2023
imb F  6% pme/F 0.81 step 59600, will finish Fri Dec  8 15:26:16 2023
step 59700, will finish Fri Dec  8 15:26:16 2023
step 59800, will finish Fri Dec  8 15:26:15 2023
step 59900, will finish Fri Dec  8 15:26:15 2023
imb F  6% pme/F 0.82 step 60000, will finish Fri Dec  8 15:26:16 2023
step 60100, will finish Fri Dec  8 15:26:16 2023
step 60200, will finish Fri Dec  8 15:26:16 2023
step 60300, will finish Fri Dec  8 15:26:16 2023
imb F  4% pme/F 0.81 step 60400, will finish Fri Dec  8 15:26:16 2023
step 60500, will finish Fri Dec  8 15:26:16 2023
step 60600, will finish Fri Dec  8 15:26:16 2023
step 60700, will finish Fri Dec  8 15:26:16 2023
imb F  8% pme/F 0.80 step 60800, will finish Fri Dec  8 15:26:16 2023
step 60900, will finish Fri Dec  8 15:26:16 2023
step 61000, will finish Fri Dec  8 15:26:16 2023
step 61100, will finish Fri Dec  8 15:26:15 2023
imb F  7% pme/F 0.76 step 61200, will finish Fri Dec  8 15:26:16 2023
step 61300, will finish Fri Dec  8 15:26:16 2023
step 61400, will finish Fri Dec  8 15:26:17 2023
step 61500, will finish Fri Dec  8 15:26:17 2023
imb F  8% pme/F 0.81 step 61600, will finish Fri Dec  8 15:26:17 2023
step 61700, will finish Fri Dec  8 15:26:17 2023
step 61800, will finish Fri Dec  8 15:26:16 2023
step 61900, will finish Fri Dec  8 15:26:16 2023
imb F  8% pme/F 0.78 step 62000, will finish Fri Dec  8 15:26:17 2023
step 62100, will finish Fri Dec  8 15:26:16 2023
step 62200, will finish Fri Dec  8 15:26:16 2023
step 62300, will finish Fri Dec  8 15:26:16 2023
imb F  6% pme/F 0.80 step 62400, will finish Fri Dec  8 15:26:16 2023
step 62500, will finish Fri Dec  8 15:26:16 2023
step 62600, will finish Fri Dec  8 15:26:16 2023
step 62700, will finish Fri Dec  8 15:26:16 2023
imb F  6% pme/F 0.79 step 62800, will finish Fri Dec  8 15:26:16 2023
step 62900, will finish Fri Dec  8 15:26:16 2023
step 63000, will finish Fri Dec  8 15:26:16 2023
step 63100, will finish Fri Dec  8 15:26:16 2023
imb F  7% pme/F 0.79 step 63200, will finish Fri Dec  8 15:26:16 2023
step 63300, will finish Fri Dec  8 15:26:16 2023
step 63400, will finish Fri Dec  8 15:26:16 2023
step 63500, will finish Fri Dec  8 15:26:16 2023
imb F  6% pme/F 0.81 step 63600, will finish Fri Dec  8 15:26:16 2023
step 63700, will finish Fri Dec  8 15:26:16 2023
step 63800, will finish Fri Dec  8 15:26:16 2023
step 63900, will finish Fri Dec  8 15:26:16 2023
imb F  6% pme/F 0.81 step 64000, will finish Fri Dec  8 15:26:16 2023
step 64100, will finish Fri Dec  8 15:26:16 2023
step 64200, will finish Fri Dec  8 15:26:16 2023
step 64300, will finish Fri Dec  8 15:26:16 2023
imb F  6% pme/F 0.81 step 64400, will finish Fri Dec  8 15:26:16 2023
step 64500, will finish Fri Dec  8 15:26:16 2023
step 64600, will finish Fri Dec  8 15:26:15 2023
step 64700, will finish Fri Dec  8 15:26:15 2023
imb F  5% pme/F 0.82 step 64800, will finish Fri Dec  8 15:26:15 2023
step 64900, will finish Fri Dec  8 15:26:15 2023
step 65000, will finish Fri Dec  8 15:26:15 2023
step 65100, will finish Fri Dec  8 15:26:15 2023
imb F  4% pme/F 0.82 step 65200, will finish Fri Dec  8 15:26:15 2023
step 65300, will finish Fri Dec  8 15:26:15 2023
step 65400, will finish Fri Dec  8 15:26:15 2023
step 65500, will finish Fri Dec  8 15:26:15 2023
imb F  6% pme/F 0.81 step 65600, will finish Fri Dec  8 15:26:15 2023
step 65700, will finish Fri Dec  8 15:26:15 2023
step 65800, will finish Fri Dec  8 15:26:15 2023
step 65900, will finish Fri Dec  8 15:26:15 2023
imb F  8% pme/F 0.78 step 66000, will finish Fri Dec  8 15:26:15 2023
step 66100, will finish Fri Dec  8 15:26:15 2023
step 66200, will finish Fri Dec  8 15:26:14 2023
step 66300, will finish Fri Dec  8 15:26:14 2023
imb F  6% pme/F 0.80 step 66400, will finish Fri Dec  8 15:26:14 2023
step 66500, will finish Fri Dec  8 15:26:14 2023
step 66600, will finish Fri Dec  8 15:26:14 2023
step 66700, will finish Fri Dec  8 15:26:14 2023
imb F  5% pme/F 0.81 step 66800, will finish Fri Dec  8 15:26:14 2023
step 66900, will finish Fri Dec  8 15:26:14 2023
step 67000, will finish Fri Dec  8 15:26:14 2023
step 67100, will finish Fri Dec  8 15:26:14 2023
imb F  6% pme/F 0.80 step 67200, will finish Fri Dec  8 15:26:14 2023
step 67300, will finish Fri Dec  8 15:26:14 2023
step 67400, will finish Fri Dec  8 15:26:14 2023
step 67500, will finish Fri Dec  8 15:26:14 2023
imb F  6% pme/F 0.81 step 67600, will finish Fri Dec  8 15:26:14 2023
step 67700, will finish Fri Dec  8 15:26:14 2023
step 67800, will finish Fri Dec  8 15:26:14 2023
step 67900, will finish Fri Dec  8 15:26:14 2023
imb F  5% pme/F 0.81 step 68000, will finish Fri Dec  8 15:26:14 2023
step 68100, will finish Fri Dec  8 15:26:14 2023
step 68200, will finish Fri Dec  8 15:26:14 2023
step 68300, will finish Fri Dec  8 15:26:14 2023
imb F  6% pme/F 0.81 step 68400, will finish Fri Dec  8 15:26:14 2023
step 68500, will finish Fri Dec  8 15:26:13 2023
step 68600, will finish Fri Dec  8 15:26:13 2023
step 68700, will finish Fri Dec  8 15:26:13 2023
imb F  6% pme/F 0.80 step 68800, will finish Fri Dec  8 15:26:13 2023
step 68900, will finish Fri Dec  8 15:26:13 2023
step 69000, will finish Fri Dec  8 15:26:13 2023
step 69100, will finish Fri Dec  8 15:26:13 2023
imb F  5% pme/F 0.80 step 69200, will finish Fri Dec  8 15:26:13 2023
step 69300, will finish Fri Dec  8 15:26:13 2023
step 69400, will finish Fri Dec  8 15:26:13 2023
step 69500, will finish Fri Dec  8 15:26:13 2023
imb F  4% pme/F 0.80 step 69600, will finish Fri Dec  8 15:26:13 2023
step 69700, will finish Fri Dec  8 15:26:13 2023
step 69800, will finish Fri Dec  8 15:26:13 2023
step 69900, will finish Fri Dec  8 15:26:13 2023
imb F  4% pme/F 0.81 step 70000, will finish Fri Dec  8 15:26:13 2023
step 70100, will finish Fri Dec  8 15:26:13 2023
step 70200, will finish Fri Dec  8 15:26:13 2023
step 70300, will finish Fri Dec  8 15:26:13 2023
imb F  6% pme/F 0.81 step 70400, will finish Fri Dec  8 15:26:13 2023
step 70500, will finish Fri Dec  8 15:26:13 2023
step 70600, will finish Fri Dec  8 15:26:13 2023
step 70700, will finish Fri Dec  8 15:26:13 2023
imb F  7% pme/F 0.80 step 70800, will finish Fri Dec  8 15:26:13 2023
step 70900, will finish Fri Dec  8 15:26:13 2023
step 71000, will finish Fri Dec  8 15:26:13 2023
step 71100, will finish Fri Dec  8 15:26:13 2023
imb F  6% pme/F 0.82 step 71200, will finish Fri Dec  8 15:26:13 2023
step 71300, will finish Fri Dec  8 15:26:13 2023
step 71400, will finish Fri Dec  8 15:26:13 2023
step 71500, will finish Fri Dec  8 15:26:13 2023
imb F  7% pme/F 0.81 step 71600, will finish Fri Dec  8 15:26:13 2023
